# JRE version: OpenJDK Runtime Environment Microsoft-8035246 (17.0.8+7) (build 17.0.8+7-LTS)
# Java VM: OpenJDK 64-Bit Server VM Microsoft-8035246 (17.0.8+7-LTS, mixed mode, sharing, tiered, compressed oops, compressed class ptrs, g1 gc, windows-amd64)
GC Precious Log:
 CPUs: 12 total, 12 available
 Memory: 15694M
 Large Page Support: Disabled
 NUMA Support: Disabled
 Compressed Oops: Enabled (32-bit)
 Heap Region Size: 1M
 Heap Min Capacity: 8M
 Heap Initial Capacity: 246M
 Heap Max Capacity: 2G
 Pre-touch: Disabled
 Parallel Workers: 10
 Concurrent Workers: 3
 Concurrent Refinement Workers: 10
 Periodic GC: Disabled
Heap:
 garbage-first heap   total 275456K, used 191250K [0x0000000080000000, 0x0000000100000000)
  region size 1024K, 20 young (20480K), 3 survivors (3072K)
 Metaspace       used 103974K, committed 105024K, reserved 557056K
  class space    used 14542K, committed 15040K, reserved 425984K
GC Heap History (20 events):
Event: 38.360 GC heap before
{Heap before GC invocations=55 (full 0):
 garbage-first heap   total 190464K, used 163552K [0x0000000080000000, 0x0000000100000000)
  region size 1024K, 11 young (11264K), 2 survivors (2048K)
 Metaspace       used 97669K, committed 98624K, reserved 557056K
  class space    used 13751K, committed 14208K, reserved 425984K
}
Event: 38.364 GC heap after
{Heap after GC invocations=56 (full 0):
 garbage-first heap   total 229376K, used 155734K [0x0000000080000000, 0x0000000100000000)
  region size 1024K, 1 young (1024K), 1 survivors (1024K)
 Metaspace       used 97669K, committed 98624K, reserved 557056K
  class space    used 13751K, committed 14208K, reserved 425984K
}
Event: 39.210 GC heap before
{Heap before GC invocations=56 (full 0):
 garbage-first heap   total 229376K, used 192598K [0x0000000080000000, 0x0000000100000000)
  region size 1024K, 37 young (37888K), 1 survivors (1024K)
 Metaspace       used 101362K, committed 102336K, reserved 557056K
  class space    used 14235K, committed 14720K, reserved 425984K
}
Event: 39.214 GC heap after
{Heap after GC invocations=57 (full 0):
 garbage-first heap   total 229376K, used 158043K [0x0000000080000000, 0x0000000100000000)
  region size 1024K, 4 young (4096K), 4 survivors (4096K)
 Metaspace       used 101362K, committed 102336K, reserved 557056K
  class space    used 14235K, committed 14720K, reserved 425984K
}
Event: 39.922 GC heap before
{Heap before GC invocations=57 (full 0):
 garbage-first heap   total 229376K, used 193883K [0x0000000080000000, 0x0000000100000000)
  region size 1024K, 39 young (39936K), 4 survivors (4096K)
 Metaspace       used 102510K, committed 103488K, reserved 557056K
  class space    used 14388K, committed 14848K, reserved 425984K
}
Event: 39.928 GC heap after
{Heap after GC invocations=58 (full 0):
 garbage-first heap   total 229376K, used 161395K [0x0000000080000000, 0x0000000100000000)
  region size 1024K, 5 young (5120K), 5 survivors (5120K)
 Metaspace       used 102510K, committed 103488K, reserved 557056K
  class space    used 14388K, committed 14848K, reserved 425984K
}
Event: 40.422 GC heap before
{Heap before GC invocations=58 (full 0):
 garbage-first heap   total 229376K, used 195187K [0x0000000080000000, 0x0000000100000000)
  region size 1024K, 38 young (38912K), 5 survivors (5120K)
 Metaspace       used 102978K, committed 103936K, reserved 557056K
  class space    used 14427K, committed 14912K, reserved 425984K
}
Event: 40.428 GC heap after
{Heap after GC invocations=59 (full 0):
 garbage-first heap   total 229376K, used 165175K [0x0000000080000000, 0x0000000100000000)
  region size 1024K, 4 young (4096K), 4 survivors (4096K)
 Metaspace       used 102978K, committed 103936K, reserved 557056K
  class space    used 14427K, committed 14912K, reserved 425984K
}
Event: 40.787 GC heap before
{Heap before GC invocations=59 (full 0):
 garbage-first heap   total 229376K, used 195895K [0x0000000080000000, 0x0000000100000000)
  region size 1024K, 34 young (34816K), 4 survivors (4096K)
 Metaspace       used 103598K, committed 104640K, reserved 557056K
  class space    used 14502K, committed 15040K, reserved 425984K
}
Event: 40.794 GC heap after
{Heap after GC invocations=60 (full 0):
 garbage-first heap   total 229376K, used 169753K [0x0000000080000000, 0x0000000100000000)
  region size 1024K, 5 young (5120K), 5 survivors (5120K)
 Metaspace       used 103598K, committed 104640K, reserved 557056K
  class space    used 14502K, committed 15040K, reserved 425984K
}
Event: 41.007 GC heap before
{Heap before GC invocations=60 (full 0):
 garbage-first heap   total 229376K, used 194329K [0x0000000080000000, 0x0000000100000000)
  region size 1024K, 30 young (30720K), 5 survivors (5120K)
 Metaspace       used 103654K, committed 104704K, reserved 557056K
  class space    used 14507K, committed 15040K, reserved 425984K
}
Event: 41.012 GC heap after
{Heap after GC invocations=61 (full 0):
 garbage-first heap   total 229376K, used 171443K [0x0000000080000000, 0x0000000100000000)
  region size 1024K, 3 young (3072K), 3 survivors (3072K)
 Metaspace       used 103654K, committed 104704K, reserved 557056K
  class space    used 14507K, committed 15040K, reserved 425984K
}
Event: 41.419 GC heap before
{Heap before GC invocations=61 (full 0):
 garbage-first heap   total 229376K, used 196019K [0x0000000080000000, 0x0000000100000000)
  region size 1024K, 28 young (28672K), 3 survivors (3072K)
 Metaspace       used 103962K, committed 105024K, reserved 557056K
  class space    used 14542K, committed 15040K, reserved 425984K
}
Event: 41.423 GC heap after
{Heap after GC invocations=62 (full 0):
 garbage-first heap   total 229376K, used 172536K [0x0000000080000000, 0x0000000100000000)
  region size 1024K, 3 young (3072K), 3 survivors (3072K)
 Metaspace       used 103962K, committed 105024K, reserved 557056K
  class space    used 14542K, committed 15040K, reserved 425984K
}
Event: 41.560 GC heap before
{Heap before GC invocations=62 (full 0):
 garbage-first heap   total 229376K, used 196088K [0x0000000080000000, 0x0000000100000000)
  region size 1024K, 27 young (27648K), 3 survivors (3072K)
 Metaspace       used 103973K, committed 105024K, reserved 557056K
  class space    used 14542K, committed 15040K, reserved 425984K
}
Event: 41.564 GC heap after
{Heap after GC invocations=63 (full 0):
 garbage-first heap   total 229376K, used 173476K [0x0000000080000000, 0x0000000100000000)
  region size 1024K, 3 young (3072K), 3 survivors (3072K)
 Metaspace       used 103973K, committed 105024K, reserved 557056K
  class space    used 14542K, committed 15040K, reserved 425984K
}
Event: 41.680 GC heap before
{Heap before GC invocations=63 (full 0):
 garbage-first heap   total 229376K, used 197028K [0x0000000080000000, 0x0000000100000000)
  region size 1024K, 26 young (26624K), 3 survivors (3072K)
 Metaspace       used 103973K, committed 105024K, reserved 557056K
  class space    used 14542K, committed 15040K, reserved 425984K
}
Event: 41.684 GC heap after
{Heap after GC invocations=64 (full 0):
 garbage-first heap   total 229376K, used 174224K [0x0000000080000000, 0x0000000100000000)
  region size 1024K, 3 young (3072K), 3 survivors (3072K)
 Metaspace       used 103973K, committed 105024K, reserved 557056K
  class space    used 14542K, committed 15040K, reserved 425984K
}
Event: 41.831 GC heap before
{Heap before GC invocations=64 (full 0):
 garbage-first heap   total 229376K, used 195728K [0x0000000080000000, 0x0000000100000000)
  region size 1024K, 25 young (25600K), 3 survivors (3072K)
 Metaspace       used 103974K, committed 105024K, reserved 557056K
  class space    used 14542K, committed 15040K, reserved 425984K
}
Event: 41.835 GC heap after
{Heap after GC invocations=65 (full 0):
 garbage-first heap   total 275456K, used 174866K [0x0000000080000000, 0x0000000100000000)
  region size 1024K, 3 young (3072K), 3 survivors (3072K)
 Metaspace       used 103974K, committed 105024K, reserved 557056K
  class space    used 14542K, committed 15040K, reserved 425984K
}

